2025-10-06 06:31:29,615 - __main__ - INFO - ==================================================
2025-10-06 06:31:29,615 - __main__ - INFO - Configuration loaded successfully
2025-10-06 06:31:29,615 - __main__ - INFO - Model loader initialized
2025-10-06 06:31:29,615 - __main__ - INFO - Loading models...
2025-10-06 06:31:29,615 - model_loader - INFO - Starting model initialization...
2025-10-06 06:31:29,616 - model_loader - INFO - Loading spaCy German model...
2025-10-06 06:31:30,876 - model_loader - INFO - spaCy model loaded successfully
2025-10-06 06:31:30,876 - model_loader - INFO - Loading GERNERMEDpp model...
2025-10-06 06:31:30,876 - model_loader - INFO - GERNERMEDpp model not found, downloading...
2025-10-06 06:31:30,879 - model_loader - INFO - Downloading https://github.com/frankkramer-lab/GERNERMEDpp/releases/download/v1.0/GERNERMEDpp.zip to ./cache\GERNERMEDpp.zip
2025-10-06 06:31:31,121 - model_loader - ERROR - Failed to extract GERNERMEDpp model: Failed to download https://github.com/frankkramer-lab/GERNERMEDpp/releases/download/v1.0/GERNERMEDpp.zip: HTTP 404
2025-10-06 06:31:31,122 - model_loader - ERROR - Failed to load GERNERMEDpp model: GERNERMEDpp model extraction failed: Failed to download https://github.com/frankkramer-lab/GERNERMEDpp/releases/download/v1.0/GERNERMEDpp.zip: HTTP 404
2025-10-06 06:31:31,122 - model_loader - INFO - Model initialization complete. Status: {'spacy': True, 'gernermed': False}
2025-10-06 06:31:31,122 - __main__ - INFO - Models loaded: {'spacy': True, 'gernermed': False}
2025-10-06 06:31:31,122 - __main__ - INFO - NER service initialized
2025-10-06 06:31:31,122 - __main__ - INFO - Warming up models...
2025-10-06 06:31:31,122 - model_loader - INFO - Warming up models...
2025-10-06 06:31:31,141 - model_loader - INFO - spaCy warmup completed. Processed: Der Patient hat Diabetes und nimmt Metformin.
2025-10-06 06:31:31,141 - model_loader - INFO - Model warmup completed
2025-10-06 06:31:31,141 - __main__ - INFO - Models warmed up successfully
2025-10-06 06:31:31,144 - __main__ - INFO - Starting MedNER-DE Service on 0.0.0.0:8000
2025-10-06 06:31:31,144 - __main__ - INFO - Workers: 1
2025-10-06 06:31:31,144 - __main__ - INFO - Log level: INFO
2025-10-06 06:31:31,147 - __main__ - ERROR - Service failed to start: asyncio.run() cannot be called from a running event loop
2025-10-06 06:51:11,989 - __main__ - INFO - ==================================================
2025-10-06 07:01:10,927 - __main__ - INFO - ==================================================
2025-10-06 07:01:23,796 - __main__ - INFO - Configuration loaded successfully
2025-10-06 07:01:37,655 - __main__ - INFO - Model loader initialized
2025-10-06 07:01:38,490 - __main__ - INFO - Loading models...
2025-10-06 07:01:39,455 - model_loader - INFO - Starting model initialization...
2025-10-06 07:02:04,437 - __main__ - INFO - ==================================================
2025-10-06 07:02:07,418 - __main__ - INFO - Configuration loaded successfully
2025-10-06 07:02:08,474 - __main__ - INFO - Model loader initialized
2025-10-06 07:02:08,475 - __main__ - INFO - Loading models...
2025-10-06 07:02:08,475 - model_loader - INFO - Starting model initialization...
2025-10-06 07:02:08,476 - __main__ - ERROR - Service initialization failed: 'ServiceConfig' object has no attribute 'spacy_model'
2025-10-06 07:02:23,058 - __main__ - INFO - ==================================================
2025-10-06 07:02:24,698 - __main__ - INFO - Configuration loaded successfully
2025-10-06 07:02:27,939 - __main__ - INFO - Model loader initialized
2025-10-06 07:02:28,661 - __main__ - INFO - Loading models...
2025-10-06 07:02:31,091 - model_loader - INFO - Starting model initialization...
2025-10-06 07:02:43,485 - __main__ - INFO - ==================================================
2025-10-06 07:02:47,192 - __main__ - INFO - Configuration loaded successfully
2025-10-06 07:02:48,999 - __main__ - INFO - Model loader initialized
2025-10-06 07:02:49,000 - __main__ - INFO - Loading models...
2025-10-06 07:02:52,851 - model_loader - INFO - Starting model initialization...
2025-10-06 07:02:55,547 - __main__ - ERROR - Service initialization failed: 'ServiceConfig' object has no attribute 'spacy_model'
2025-10-06 07:03:31,778 - __main__ - INFO - ==================================================
2025-10-06 07:03:33,419 - __main__ - INFO - Configuration loaded successfully
2025-10-06 07:03:33,970 - __main__ - INFO - Model loader initialized
2025-10-06 07:03:33,970 - __main__ - INFO - Loading models...
2025-10-06 07:03:38,552 - model_loader - INFO - Starting model initialization...
2025-10-06 07:07:19,137 - __main__ - INFO - ==================================================
2025-10-06 07:07:19,153 - __main__ - INFO - Configuration loaded successfully
2025-10-06 07:07:19,153 - __main__ - INFO - Model loader initialized
2025-10-06 07:07:19,154 - __main__ - INFO - Loading models...
2025-10-06 07:07:21,145 - model_loader - INFO - Starting model initialization...
2025-10-06 07:07:35,507 - model_loader - INFO - Loading spaCy German model...
2025-10-06 07:07:37,119 - model_loader - INFO - spaCy model loaded successfully
2025-10-06 07:07:37,119 - model_loader - INFO - Loading GERNERMEDpp model...
2025-10-06 07:07:37,120 - model_loader - ERROR - Failed to load GERNERMEDpp model: 'ServiceConfig' object has no attribute 'gernermed_model'
2025-10-06 07:08:39,700 - __main__ - INFO - ==================================================
2025-10-06 07:08:39,716 - __main__ - INFO - Configuration loaded successfully
2025-10-06 07:08:39,716 - __main__ - INFO - Model loader initialized
2025-10-06 07:08:39,716 - __main__ - INFO - Loading models...
2025-10-06 07:08:40,359 - model_loader - INFO - Starting model initialization...
2025-10-06 07:08:47,726 - model_loader - INFO - Loading spaCy German model...
2025-10-06 07:08:51,776 - model_loader - INFO - spaCy model loaded successfully
2025-10-06 07:08:53,716 - model_loader - INFO - Loading GERNERMEDpp model...
2025-10-06 07:11:39,654 - __main__ - INFO - ==================================================
2025-10-06 07:11:39,668 - __main__ - INFO - Configuration loaded successfully
2025-10-06 07:11:39,668 - __main__ - INFO - Model loader initialized
2025-10-06 07:11:39,668 - __main__ - INFO - Loading models...
2025-10-06 07:11:41,497 - model_loader - INFO - Starting model initialization...
2025-10-06 07:11:51,603 - model_loader - INFO - Loading spaCy German model...
2025-10-06 07:11:52,788 - model_loader - INFO - spaCy model loaded successfully
2025-10-06 07:11:55,755 - model_loader - INFO - Loading GERNERMEDpp model...
2025-10-06 07:12:12,413 - model_loader - INFO - GERNERMEDpp model not found, downloading...
2025-10-06 07:12:37,477 - model_loader - INFO - Downloading https://github.com/frankkramer-lab/GERNERMEDpp/releases/download/v1.0/GERNERMEDpp.zip to S:\SYNC\programming\AI_MVP\MedAI\project\microservices\MedAINLP\cache\GERNERMEDpp.zip
2025-10-06 07:16:16,628 - __main__ - INFO - ==================================================
2025-10-06 07:16:16,644 - __main__ - INFO - Configuration loaded successfully
2025-10-06 07:16:16,644 - __main__ - INFO - Model loader initialized
2025-10-06 07:16:16,644 - __main__ - INFO - Loading models...
2025-10-06 07:16:17,281 - model_loader - INFO - Starting model initialization...
2025-10-06 07:16:18,768 - model_loader - INFO - Loading spaCy German model...
2025-10-06 07:16:20,075 - model_loader - INFO - spaCy model loaded successfully
2025-10-06 07:16:23,255 - model_loader - INFO - Loading GERNERMEDpp model...
2025-10-06 07:16:25,598 - model_loader - INFO - GERNERMEDpp model not found, downloading...
2025-10-06 07:16:29,594 - model_loader - INFO - Downloading https://github.com/frankkramer-lab/GERNERMEDpp/releases/download/v1.0/GERNERMEDpp.zip to S:\SYNC\programming\AI_MVP\MedAI\project\microservices\MedAINLP\cache\GERNERMEDpp.zip
2025-10-06 07:18:12,388 - __main__ - INFO - ==================================================
2025-10-06 07:18:12,401 - __main__ - INFO - Configuration loaded successfully
2025-10-06 07:18:12,402 - __main__ - INFO - Model loader initialized
2025-10-06 07:18:12,403 - __main__ - INFO - Loading models...
2025-10-06 07:18:13,333 - model_loader - INFO - Starting model initialization...
2025-10-06 07:18:15,292 - model_loader - INFO - Loading spaCy German model...
2025-10-06 07:18:16,506 - model_loader - INFO - spaCy model loaded successfully
2025-10-06 07:18:18,824 - model_loader - INFO - Loading GERNERMEDpp model...
2025-10-06 07:18:19,930 - model_loader - INFO - GERNERMEDpp model not found, downloading...
2025-10-06 07:18:20,675 - model_loader - INFO - Downloading https://github.com/frankkramer-lab/GERNERMEDpp/releases/download/v1.0/GERNERMEDpp.zip to S:\SYNC\programming\AI_MVP\MedAI\project\microservices\MedAINLP\cache\GERNERMEDpp.zip
2025-10-06 07:19:25,069 - __main__ - INFO - ==================================================
2025-10-06 07:19:25,084 - __main__ - INFO - Configuration loaded successfully
2025-10-06 07:19:25,084 - __main__ - INFO - Model loader initialized
2025-10-06 07:19:25,085 - __main__ - INFO - Loading models...
2025-10-06 07:19:29,754 - model_loader - INFO - Starting model initialization...
2025-10-06 07:19:31,926 - model_loader - INFO - Loading spaCy German model...
2025-10-06 07:19:33,163 - model_loader - INFO - spaCy model loaded successfully
2025-10-06 07:19:34,550 - model_loader - INFO - Loading GERNERMEDpp model...
2025-10-06 07:19:40,955 - model_loader - INFO - GERNERMEDpp model not found, downloading...
2025-10-06 07:19:53,805 - model_loader - INFO - Downloading https://myweb.rz.uni-augsburg.de/~freijoha/GERNERMEDpp/GERNERMEDpp_GottBERT.zip to S:\SYNC\programming\AI_MVP\MedAI\project\microservices\MedAINLP\cache\GERNERMEDpp.zip
2025-10-06 08:40:06,451 - __main__ - INFO - ==================================================
2025-10-06 08:40:06,512 - __main__ - INFO - Configuration loaded successfully
2025-10-06 08:40:06,513 - __main__ - INFO - Model loader initialized
2025-10-06 08:40:06,513 - __main__ - INFO - Loading models...
2025-10-06 08:40:09,044 - model_loader - INFO - Starting model initialization...
2025-10-06 08:40:31,465 - model_loader - INFO - Loading spaCy German model...
2025-10-06 08:40:32,724 - model_loader - INFO - spaCy model loaded successfully
2025-10-06 08:40:38,442 - model_loader - INFO - Loading GERNERMEDpp model...
2025-10-06 08:42:22,193 - __main__ - INFO - ==================================================
2025-10-06 08:42:22,207 - __main__ - INFO - Configuration loaded successfully
2025-10-06 08:42:22,207 - __main__ - INFO - Model loader initialized
2025-10-06 08:42:22,207 - __main__ - INFO - Loading models...
2025-10-06 08:42:23,204 - model_loader - INFO - Starting model initialization...
2025-10-06 08:42:29,961 - model_loader - INFO - Loading spaCy German model...
2025-10-06 08:42:31,227 - model_loader - INFO - spaCy model loaded successfully
2025-10-06 08:42:34,156 - model_loader - INFO - Loading GERNERMEDpp model...
2025-10-06 08:44:04,245 - __main__ - INFO - ==================================================
2025-10-06 08:44:04,259 - __main__ - INFO - Configuration loaded successfully
2025-10-06 08:44:04,259 - __main__ - INFO - Model loader initialized
2025-10-06 08:44:04,259 - __main__ - INFO - Loading models...
2025-10-06 08:46:40,690 - __main__ - INFO - ==================================================
2025-10-06 08:46:40,702 - __main__ - INFO - Configuration loaded successfully
2025-10-06 08:46:40,702 - __main__ - INFO - Model loader initialized
2025-10-06 08:46:40,702 - __main__ - INFO - Loading models...
2025-10-06 08:46:41,845 - model_loader - INFO - Starting model initialization...
2025-10-06 08:46:45,645 - model_loader - INFO - Loading spaCy German model...
2025-10-06 08:46:46,865 - model_loader - INFO - spaCy model loaded successfully
2025-10-06 08:46:50,650 - model_loader - INFO - Loading GERNERMEDpp model...
2025-10-06 08:48:12,570 - __main__ - INFO - ==================================================
2025-10-06 08:48:12,584 - __main__ - INFO - Configuration loaded successfully
2025-10-06 08:48:12,584 - __main__ - INFO - Model loader initialized
2025-10-06 08:48:12,585 - __main__ - INFO - Loading models...
2025-10-06 08:48:13,811 - model_loader - INFO - Starting model initialization...
2025-10-06 08:48:15,938 - model_loader - INFO - Loading spaCy German model...
2025-10-06 08:48:17,137 - model_loader - INFO - spaCy model loaded successfully
2025-10-06 08:48:19,081 - model_loader - INFO - Loading GERNERMEDpp model...
2025-10-06 08:57:33,135 - __main__ - INFO - ==================================================
2025-10-06 08:57:33,151 - __main__ - INFO - Configuration loaded successfully
2025-10-06 08:57:33,151 - __main__ - INFO - Model loader initialized
2025-10-06 08:57:33,151 - __main__ - INFO - Loading models...
2025-10-06 08:57:35,558 - model_loader - INFO - Starting model initialization...
2025-10-06 08:57:39,552 - __main__ - ERROR - Service initialization failed: 'ServiceConfig' object has no attribute 'germanbert_enabled'
2025-10-06 08:57:52,161 - __main__ - INFO - ==================================================
2025-10-06 08:57:52,175 - __main__ - INFO - Configuration loaded successfully
2025-10-06 08:57:52,176 - __main__ - INFO - Model loader initialized
2025-10-06 08:57:52,176 - __main__ - INFO - Loading models...
2025-10-06 08:57:53,590 - model_loader - INFO - Starting model initialization...
2025-10-06 08:57:56,662 - __main__ - ERROR - Service initialization failed: 'ServiceConfig' object has no attribute 'germanbert_enabled'
2025-10-06 08:58:08,613 - __main__ - INFO - ==================================================
2025-10-06 08:58:08,628 - __main__ - INFO - Configuration loaded successfully
2025-10-06 08:58:08,628 - __main__ - INFO - Model loader initialized
2025-10-06 08:58:08,628 - __main__ - INFO - Loading models...
2025-10-06 08:58:10,080 - model_loader - INFO - Starting model initialization...
2025-10-06 08:58:21,872 - __main__ - ERROR - Service initialization failed: 'ServiceConfig' object has no attribute 'germanbert_enabled'
2025-10-06 08:58:53,384 - __main__ - INFO - ==================================================
2025-10-06 08:58:53,406 - __main__ - INFO - Configuration loaded successfully
2025-10-06 08:58:53,406 - __main__ - INFO - Model loader initialized
2025-10-06 08:58:53,407 - __main__ - INFO - Loading models...
2025-10-06 08:58:55,030 - model_loader - INFO - Starting model initialization...
2025-10-06 08:59:18,306 - __main__ - ERROR - Service initialization failed: 'ServiceConfig' object has no attribute 'germanbert_enabled'
2025-10-06 09:00:26,220 - __main__ - INFO - ==================================================
2025-10-06 09:00:26,236 - __main__ - INFO - Configuration loaded successfully
2025-10-06 09:00:26,236 - __main__ - INFO - Model loader initialized
2025-10-06 09:00:26,236 - __main__ - INFO - Loading models...
2025-10-06 09:00:27,008 - model_loader - INFO - Starting model initialization...
2025-10-06 09:00:33,190 - model_loader - INFO - Loading spaCy German model...
2025-10-06 09:00:34,412 - model_loader - INFO - spaCy model loaded successfully
2025-10-06 09:00:37,163 - model_loader - INFO - Loading GERNERMEDpp model...
2025-10-06 09:01:21,062 - __main__ - INFO - ==================================================
2025-10-06 09:01:21,074 - __main__ - INFO - Configuration loaded successfully
2025-10-06 09:01:21,075 - __main__ - INFO - Model loader initialized
2025-10-06 09:01:21,075 - __main__ - INFO - Loading models...
2025-10-06 09:01:21,920 - model_loader - INFO - Starting model initialization...
2025-10-06 09:01:23,661 - model_loader - INFO - Loading spaCy German model...
2025-10-06 09:01:24,878 - model_loader - INFO - spaCy model loaded successfully
2025-10-06 09:01:30,198 - model_loader - INFO - Loading GERNERMEDpp model...
2025-10-06 09:03:52,109 - __main__ - INFO - ==================================================
2025-10-06 09:03:52,122 - __main__ - INFO - Configuration loaded successfully
2025-10-06 09:03:52,123 - __main__ - INFO - Model loader initialized
2025-10-06 09:03:52,123 - __main__ - INFO - Loading models...
2025-10-06 09:03:52,992 - model_loader - INFO - Starting model initialization...
2025-10-06 09:03:55,546 - model_loader - INFO - Loading spaCy German model...
2025-10-06 09:03:56,772 - model_loader - INFO - spaCy model loaded successfully
2025-10-06 09:03:59,345 - model_loader - INFO - Loading GERNERMEDpp model...
2025-10-06 09:05:16,484 - __main__ - INFO - ==================================================
2025-10-06 09:05:16,498 - __main__ - INFO - Configuration loaded successfully
2025-10-06 09:05:16,498 - __main__ - INFO - Model loader initialized
2025-10-06 09:05:16,498 - __main__ - INFO - Loading models...
2025-10-06 09:05:18,530 - model_loader - INFO - Starting model initialization...
2025-10-06 09:05:20,757 - model_loader - INFO - Loading spaCy German model...
2025-10-06 09:05:21,959 - model_loader - INFO - spaCy model loaded successfully
2025-10-06 09:05:27,023 - model_loader - INFO - Loading GERNERMEDpp model...
2025-10-06 09:06:30,770 - __main__ - INFO - ==================================================
2025-10-06 09:06:30,786 - __main__ - INFO - Configuration loaded successfully
2025-10-06 09:06:30,786 - __main__ - INFO - Model loader initialized
2025-10-06 09:06:30,786 - __main__ - INFO - Loading models...
2025-10-06 09:06:34,121 - model_loader - INFO - Starting model initialization...
2025-10-06 09:08:41,678 - __main__ - INFO - ==================================================
2025-10-06 09:08:41,692 - __main__ - INFO - Configuration loaded successfully
2025-10-06 09:08:41,693 - __main__ - INFO - Model loader initialized
2025-10-06 09:08:41,693 - __main__ - INFO - Loading models...
2025-10-06 09:09:48,484 - __main__ - INFO - ==================================================
2025-10-06 09:09:48,498 - __main__ - INFO - Configuration loaded successfully
2025-10-06 09:09:48,499 - __main__ - INFO - Model loader initialized
2025-10-06 09:09:48,499 - __main__ - INFO - Loading models...
2025-10-06 09:09:49,986 - model_loader - INFO - Starting model initialization...
2025-10-06 09:09:51,293 - model_loader - INFO - Loading spaCy German model...
2025-10-06 09:09:52,484 - model_loader - INFO - spaCy model loaded successfully
2025-10-06 09:10:00,623 - model_loader - INFO - Loading GERNERMEDpp model...
2025-10-06 09:10:40,920 - model_loader - INFO - GERNERMEDpp model not found, downloading...
2025-10-06 09:11:55,611 - __main__ - INFO - ==================================================
2025-10-06 09:11:55,624 - __main__ - INFO - Configuration loaded successfully
2025-10-06 09:11:55,625 - __main__ - INFO - Model loader initialized
2025-10-06 09:11:55,625 - __main__ - INFO - Loading models...
2025-10-06 09:11:56,914 - model_loader - INFO - Starting model initialization...
2025-10-06 09:11:58,890 - model_loader - INFO - Loading spaCy German model...
2025-10-06 09:12:00,072 - model_loader - INFO - spaCy model loaded successfully
2025-10-06 09:12:03,374 - model_loader - INFO - Loading GERNERMEDpp model...
2025-10-06 09:12:05,129 - model_loader - INFO - GERNERMEDpp model not found, downloading...
2025-10-06 09:12:57,580 - model_loader - INFO - GERNERMEDpp model extracted successfully
2025-10-06 09:14:18,466 - __main__ - INFO - ==================================================
2025-10-06 09:14:18,482 - __main__ - INFO - Configuration loaded successfully
2025-10-06 09:14:18,482 - __main__ - INFO - Model loader initialized
2025-10-06 09:14:18,482 - __main__ - INFO - Loading models...
2025-10-06 09:14:20,086 - model_loader - INFO - Starting model initialization...
2025-10-06 09:14:21,878 - model_loader - INFO - Loading spaCy German model...
2025-10-06 09:14:23,125 - model_loader - INFO - spaCy model loaded successfully
2025-10-06 09:14:24,014 - model_loader - INFO - Loading GERNERMEDpp model...
2025-10-06 09:14:26,596 - model_loader - INFO - GERNERMEDpp model not found, downloading...
2025-10-06 09:15:11,484 - __main__ - INFO - ==================================================
2025-10-06 09:15:11,500 - __main__ - INFO - Configuration loaded successfully
2025-10-06 09:15:11,500 - __main__ - INFO - Model loader initialized
2025-10-06 09:15:11,500 - __main__ - INFO - Loading models...
2025-10-06 09:15:12,670 - model_loader - INFO - Starting model initialization...
2025-10-06 09:15:14,848 - model_loader - INFO - Loading spaCy German model...
2025-10-06 09:15:16,010 - model_loader - INFO - spaCy model loaded successfully
2025-10-06 09:15:23,400 - model_loader - INFO - Loading GERNERMEDpp model...
2025-10-06 09:15:26,073 - model_loader - INFO - GERNERMEDpp model not found, downloading...
2025-10-06 09:24:51,170 - __main__ - INFO - ==================================================
2025-10-06 09:24:51,185 - __main__ - INFO - Configuration loaded successfully
2025-10-06 09:24:51,185 - __main__ - INFO - Model loader initialized
2025-10-06 09:24:51,185 - __main__ - INFO - Loading models...
2025-10-06 09:24:54,673 - model_loader - INFO - Starting model initialization...
2025-10-06 09:25:00,377 - model_loader - INFO - Loading spaCy German model...
2025-10-06 09:25:01,664 - model_loader - INFO - spaCy model loaded successfully
2025-10-06 09:25:04,696 - model_loader - INFO - Loading GERNERMEDpp model...
2025-10-06 09:25:21,965 - __main__ - INFO - ==================================================
2025-10-06 09:25:21,978 - __main__ - INFO - Configuration loaded successfully
2025-10-06 09:25:21,978 - __main__ - INFO - Model loader initialized
2025-10-06 09:25:21,978 - __main__ - INFO - Loading models...
2025-10-06 09:25:25,396 - model_loader - INFO - Starting model initialization...
2025-10-06 09:25:34,412 - model_loader - INFO - Loading spaCy German model...
2025-10-06 09:25:35,608 - model_loader - INFO - spaCy model loaded successfully
2025-10-06 09:25:39,208 - model_loader - INFO - Loading GERNERMEDpp model...
2025-10-06 09:28:43,068 - __main__ - INFO - ==================================================
2025-10-06 09:28:43,081 - __main__ - INFO - Configuration loaded successfully
2025-10-06 09:28:43,081 - __main__ - INFO - Model loader initialized
2025-10-06 09:28:43,082 - __main__ - INFO - Loading models...
2025-10-06 09:28:44,983 - model_loader - INFO - Starting model initialization...
2025-10-06 09:28:44,984 - model_loader - INFO - Loading spaCy German model...
2025-10-06 09:28:46,197 - model_loader - INFO - spaCy model loaded successfully
2025-10-06 09:28:47,346 - model_loader - INFO - Loading GERNERMEDpp model...
2025-10-06 09:29:15,400 - __main__ - INFO - ==================================================
2025-10-06 09:29:15,416 - __main__ - INFO - Configuration loaded successfully
2025-10-06 09:29:15,416 - __main__ - INFO - Model loader initialized
2025-10-06 09:29:15,417 - __main__ - INFO - Loading models...
2025-10-06 09:29:17,065 - model_loader - INFO - Starting model initialization...
2025-10-06 09:29:17,066 - model_loader - INFO - Loading spaCy German model...
2025-10-06 09:29:18,222 - model_loader - INFO - spaCy model loaded successfully
2025-10-06 09:29:21,010 - model_loader - INFO - Loading GERNERMEDpp model...
2025-10-06 09:29:39,010 - model_loader - ERROR - Failed to load GERNERMEDpp model: 1 validation error for ModelConfig
local_path
  field required (type=value_error.missing)
2025-10-06 09:30:24,808 - __main__ - INFO - ==================================================
2025-10-06 09:30:24,820 - __main__ - INFO - Configuration loaded successfully
2025-10-06 09:30:24,821 - __main__ - INFO - Model loader initialized
2025-10-06 09:30:24,821 - __main__ - INFO - Loading models...
2025-10-06 09:30:26,698 - model_loader - INFO - Starting model initialization...
2025-10-06 09:30:26,699 - model_loader - INFO - Loading spaCy German model...
2025-10-06 09:30:27,988 - model_loader - INFO - spaCy model loaded successfully
2025-10-06 09:30:29,473 - model_loader - INFO - Loading GERNERMEDpp model...
2025-10-06 09:30:31,312 - model_loader - INFO - GERNERMEDpp model not found, downloading...
2025-10-06 09:37:25,970 - __main__ - INFO - ==================================================
2025-10-06 09:37:25,985 - __main__ - INFO - Configuration loaded successfully
2025-10-06 09:37:25,988 - __main__ - INFO - Model loader initialized
2025-10-06 09:37:25,988 - __main__ - INFO - Loading models...
2025-10-06 09:37:27,510 - model_loader - INFO - Starting model initialization...
2025-10-06 09:37:27,511 - model_loader - INFO - Loading spaCy German model...
2025-10-06 09:37:28,693 - model_loader - INFO - spaCy model loaded successfully
2025-10-06 09:37:30,461 - model_loader - INFO - Loading GERNERMEDpp model...
2025-10-06 09:38:00,838 - model_loader - INFO - GERNERMEDpp model not found, downloading...
2025-10-06 09:38:55,410 - __main__ - INFO - ==================================================
2025-10-06 09:38:55,425 - __main__ - INFO - Configuration loaded successfully
2025-10-06 09:38:55,425 - __main__ - INFO - Model loader initialized
2025-10-06 09:38:55,425 - __main__ - INFO - Loading models...
2025-10-06 09:38:58,303 - model_loader - INFO - Starting model initialization...
2025-10-06 09:38:58,304 - model_loader - INFO - Loading spaCy German model...
2025-10-06 09:38:59,524 - model_loader - INFO - spaCy model loaded successfully
2025-10-06 09:39:00,684 - model_loader - INFO - Loading GERNERMEDpp model...
2025-10-06 09:39:14,227 - model_loader - INFO - GERNERMEDpp model not found, downloading...
2025-10-06 09:40:36,827 - model_loader - INFO - GERNERMEDpp model loaded successfully
2025-10-06 09:41:00,222 - model_loader - INFO - Model initialization complete. Status: {'spacy': True, 'gernermed': True}
2025-10-06 09:41:03,397 - __main__ - INFO - Models loaded: {'spacy': True, 'gernermed': True}
2025-10-06 09:57:32,536 - __main__ - INFO - ==================================================
2025-10-06 09:57:32,552 - __main__ - INFO - Configuration loaded successfully
2025-10-06 09:57:32,552 - __main__ - INFO - Model loader initialized
2025-10-06 09:57:32,552 - __main__ - INFO - Loading models...
2025-10-06 09:57:34,265 - model_loader - INFO - Starting model initialization...
2025-10-06 09:57:34,268 - model_loader - INFO - Loading spaCy German model...
2025-10-06 09:57:35,457 - model_loader - INFO - spaCy model loaded successfully
2025-10-06 09:57:38,680 - model_loader - INFO - Loading GERNERMEDpp model...
2025-10-06 10:04:03,648 - __main__ - INFO - ==================================================
2025-10-06 10:04:03,662 - __main__ - INFO - Configuration loaded successfully
2025-10-06 10:04:03,662 - __main__ - INFO - Model loader initialized
2025-10-06 10:04:03,662 - __main__ - INFO - Loading models...
2025-10-06 10:04:05,940 - model_loader - INFO - Starting model initialization...
2025-10-06 10:04:05,941 - model_loader - INFO - Loading spaCy German model...
2025-10-06 10:04:06,412 - model_loader - ERROR - Failed to load spaCy model: No module named 'tokenizers.tokenizers'
2025-10-06 10:04:08,052 - model_loader - INFO - Loading GERNERMEDpp model...
2025-10-06 10:09:32,578 - __main__ - INFO - ==================================================
2025-10-06 10:09:32,593 - __main__ - INFO - Configuration loaded successfully
2025-10-06 10:09:32,593 - __main__ - INFO - Model loader initialized
2025-10-06 10:09:32,594 - __main__ - INFO - Loading models...
2025-10-06 10:09:34,316 - model_loader - INFO - Starting model initialization...
2025-10-06 10:09:34,317 - model_loader - INFO - Loading spaCy German model...
2025-10-06 10:09:34,699 - model_loader - ERROR - Failed to load spaCy model: No module named 'tokenizers.tokenizers'
2025-10-06 10:09:35,797 - model_loader - INFO - Loading GERNERMEDpp model...
2025-10-06 10:14:56,312 - __main__ - INFO - ==================================================
2025-10-06 10:14:56,324 - __main__ - INFO - Configuration loaded successfully
2025-10-06 10:14:56,324 - __main__ - INFO - Model loader initialized
2025-10-06 10:14:56,324 - __main__ - INFO - Loading models...
2025-10-06 10:14:57,936 - model_loader - INFO - Starting model initialization...
2025-10-06 10:14:57,937 - model_loader - INFO - Loading spaCy German model...
2025-10-06 10:15:02,653 - model_loader - INFO - spaCy model loaded successfully
2025-10-06 10:15:37,797 - model_loader - INFO - Loading GERNERMEDpp model...
2025-10-06 10:18:24,195 - __main__ - INFO - ==================================================
2025-10-06 10:18:24,209 - __main__ - INFO - Configuration loaded successfully
2025-10-06 10:18:24,210 - __main__ - INFO - Model loader initialized
2025-10-06 10:18:24,210 - __main__ - INFO - Loading models...
2025-10-06 10:18:26,336 - model_loader - INFO - Starting model initialization...
2025-10-06 10:18:26,337 - model_loader - INFO - Loading spaCy German model...
2025-10-06 10:18:27,973 - model_loader - INFO - spaCy model loaded successfully
2025-10-06 10:18:29,302 - model_loader - INFO - Loading GERNERMEDpp model...
2025-10-06 10:20:27,961 - model_loader - INFO - GERNERMEDpp model loaded successfully
2025-10-06 10:20:44,066 - __main__ - INFO - ==================================================
2025-10-06 10:20:44,082 - __main__ - INFO - Configuration loaded successfully
2025-10-06 10:20:44,082 - __main__ - INFO - Model loader initialized
2025-10-06 10:20:44,082 - __main__ - INFO - Loading models...
2025-10-06 10:20:48,787 - model_loader - INFO - Starting model initialization...
2025-10-06 10:20:52,177 - model_loader - INFO - Loading spaCy German model...
2025-10-06 10:20:54,373 - model_loader - INFO - spaCy model loaded successfully
2025-10-06 10:20:55,043 - model_loader - INFO - Loading GERNERMEDpp model...
2025-10-06 10:21:10,038 - model_loader - INFO - GERNERMEDpp model loaded successfully
2025-10-06 10:21:17,177 - model_loader - INFO - Model initialization complete. Status: {'spacy': True, 'gernermed': True}
2025-10-06 10:21:21,878 - __main__ - INFO - Models loaded: {'spacy': True, 'gernermed': True}
2025-10-06 10:21:48,187 - __main__ - INFO - NER service initialized
2025-10-06 10:21:49,270 - __main__ - INFO - Warming up models...
2025-10-06 10:21:57,345 - model_loader - INFO - Warming up models...
2025-10-06 10:23:45,643 - __main__ - INFO - ==================================================
2025-10-06 10:23:45,655 - __main__ - INFO - Configuration loaded successfully
2025-10-06 10:23:45,655 - __main__ - INFO - Model loader initialized
2025-10-06 10:23:45,656 - __main__ - INFO - Loading models...
2025-10-06 10:23:46,580 - model_loader - INFO - Starting model initialization...
2025-10-06 10:23:46,581 - model_loader - INFO - Loading spaCy German model...
2025-10-06 10:23:48,249 - model_loader - INFO - spaCy model loaded successfully
2025-10-06 10:23:48,249 - model_loader - INFO - Loading GERNERMEDpp model...
2025-10-06 10:23:50,434 - model_loader - INFO - GERNERMEDpp model loaded successfully
2025-10-06 10:23:50,435 - model_loader - INFO - Model initialization complete. Status: {'spacy': True, 'gernermed': True}
2025-10-06 10:23:53,489 - __main__ - INFO - Models loaded: {'spacy': True, 'gernermed': True}
2025-10-06 10:24:00,687 - __main__ - INFO - NER service initialized
2025-10-06 10:24:03,482 - __main__ - INFO - Warming up models...
2025-10-06 10:24:05,483 - model_loader - INFO - Warming up models...
2025-10-06 10:25:56,001 - model_loader - INFO - spaCy warmup completed. Processed: Der Patient hat Diabetes und nimmt Metformin.
2025-10-06 10:26:25,833 - model_loader - INFO - spaCy warmup completed. Processed: Der Patient hat Diabetes und nimmt Metformin.
2025-10-06 10:28:33,353 - __main__ - INFO - ==================================================
2025-10-06 10:28:33,376 - __main__ - INFO - Configuration loaded successfully
2025-10-06 10:28:33,377 - __main__ - INFO - Model loader initialized
2025-10-06 10:28:33,377 - __main__ - INFO - Loading models...
2025-10-06 10:28:33,377 - model_loader - INFO - Starting model initialization...
2025-10-06 10:28:33,378 - model_loader - INFO - Loading spaCy German model...
2025-10-06 10:28:35,103 - model_loader - INFO - spaCy model loaded successfully
2025-10-06 10:28:35,103 - model_loader - INFO - Loading GERNERMEDpp model...
2025-10-06 10:28:37,470 - model_loader - INFO - GERNERMEDpp model loaded successfully
2025-10-06 10:28:37,470 - model_loader - INFO - Model initialization complete. Status: {'spacy': True, 'gernermed': True}
2025-10-06 10:28:37,472 - __main__ - INFO - Models loaded: {'spacy': True, 'gernermed': True}
2025-10-06 10:28:37,473 - __main__ - INFO - NER service initialized
2025-10-06 10:28:39,396 - __main__ - INFO - Warming up models...
2025-10-06 10:28:40,459 - model_loader - INFO - Warming up models...
2025-10-06 10:28:40,471 - model_loader - INFO - spacy warmup completed. Processed: Der Patient hat Diabetes und nimmt Metformin.
2025-10-06 10:28:42,283 - model_loader - INFO - gernermed warmup completed. Processed: Der Patient hat Diabetes und nimmt Metformin.
2025-10-06 10:28:42,284 - model_loader - INFO - Model warmup completed
2025-10-06 10:28:42,284 - __main__ - INFO - Models warmed up successfully
2025-10-06 10:29:05,152 - __main__ - INFO - Starting MedNER-DE Service on 0.0.0.0:8000
2025-10-06 10:29:05,579 - __main__ - INFO - Workers: 1
2025-10-06 10:29:06,008 - __main__ - INFO - Log level: INFO
2025-10-06 10:31:22,658 - __main__ - INFO - ==================================================
2025-10-06 10:31:22,679 - __main__ - INFO - Configuration loaded successfully
2025-10-06 10:31:22,680 - __main__ - INFO - Model loader initialized
2025-10-06 10:31:22,680 - __main__ - INFO - Loading models...
2025-10-06 10:31:22,680 - model_loader - INFO - Starting model initialization...
2025-10-06 10:31:22,680 - model_loader - INFO - Loading spaCy German model...
2025-10-06 10:31:24,303 - model_loader - INFO - spaCy model loaded successfully
2025-10-06 10:31:24,303 - model_loader - INFO - Loading GERNERMEDpp model...
2025-10-06 10:31:26,606 - model_loader - INFO - GERNERMEDpp model loaded successfully
2025-10-06 10:31:26,607 - model_loader - INFO - Model initialization complete. Status: {'spacy': True, 'gernermed': True}
2025-10-06 10:31:26,607 - __main__ - INFO - Models loaded: {'spacy': True, 'gernermed': True}
2025-10-06 10:31:26,607 - __main__ - INFO - NER service initialized
2025-10-06 10:31:27,855 - __main__ - INFO - Warming up models...
2025-10-06 10:31:28,839 - model_loader - INFO - Warming up models...
2025-10-06 10:31:28,850 - model_loader - INFO - spacy warmup completed. Processed: Der Patient hat Diabetes und nimmt Metformin.
2025-10-06 10:31:30,758 - model_loader - INFO - gernermed warmup completed. Processed: Der Patient hat Diabetes und nimmt Metformin.
2025-10-06 10:31:30,758 - model_loader - INFO - Model warmup completed
2025-10-06 10:31:30,760 - __main__ - INFO - Models warmed up successfully
2025-10-06 10:31:53,974 - __main__ - INFO - Starting MedNER-DE Service on 0.0.0.0:8000
2025-10-06 10:31:54,372 - __main__ - INFO - Workers: 1
2025-10-06 10:31:54,796 - __main__ - INFO - Log level: INFO
2025-10-06 10:32:39,250 - __main__ - INFO - ==================================================
2025-10-06 10:32:39,265 - __main__ - INFO - Configuration loaded successfully
2025-10-06 10:32:39,265 - __main__ - INFO - Model loader initialized
2025-10-06 10:32:39,265 - __main__ - INFO - Loading models...
2025-10-06 10:32:39,266 - model_loader - INFO - Starting model initialization...
2025-10-06 10:32:39,266 - model_loader - INFO - Loading spaCy German model...
2025-10-06 10:32:40,905 - model_loader - INFO - spaCy model loaded successfully
2025-10-06 10:32:40,905 - model_loader - INFO - Loading GERNERMEDpp model...
2025-10-06 10:32:43,175 - model_loader - INFO - GERNERMEDpp model loaded successfully
2025-10-06 10:32:43,176 - model_loader - INFO - Model initialization complete. Status: {'spacy': True, 'gernermed': True}
2025-10-06 10:32:43,176 - __main__ - INFO - Models loaded: {'spacy': True, 'gernermed': True}
2025-10-06 10:32:43,176 - __main__ - INFO - NER service initialized
2025-10-06 10:32:45,051 - __main__ - INFO - Warming up models...
2025-10-06 10:32:46,107 - model_loader - INFO - Warming up models...
2025-10-06 10:32:46,122 - model_loader - INFO - spacy warmup completed. Processed: Der Patient hat Diabetes und nimmt Metformin.
2025-10-06 10:32:47,995 - model_loader - INFO - gernermed warmup completed. Processed: Der Patient hat Diabetes und nimmt Metformin.
2025-10-06 10:32:47,995 - model_loader - INFO - Model warmup completed
2025-10-06 10:32:47,995 - __main__ - INFO - Models warmed up successfully
2025-10-06 10:32:51,249 - __main__ - INFO - Starting MedNER-DE Service on 0.0.0.0:8000
2025-10-06 10:32:51,250 - __main__ - INFO - Workers: 1
2025-10-06 10:32:51,250 - __main__ - INFO - Log level: INFO
2025-10-06 10:35:22,703 - __main__ - INFO - ==================================================
2025-10-06 10:35:22,719 - __main__ - INFO - Configuration loaded successfully
2025-10-06 10:35:22,720 - __main__ - INFO - Model loader initialized
2025-10-06 10:35:22,720 - __main__ - INFO - Loading models...
2025-10-06 10:35:22,720 - model_loader - INFO - Starting model initialization...
2025-10-06 10:35:22,721 - model_loader - INFO - Loading spaCy German model...
2025-10-06 10:35:24,404 - model_loader - INFO - spaCy model loaded successfully
2025-10-06 10:35:24,405 - model_loader - INFO - Loading GERNERMEDpp model...
2025-10-06 10:35:26,761 - model_loader - INFO - GERNERMEDpp model loaded successfully
2025-10-06 10:35:26,761 - model_loader - INFO - Model initialization complete. Status: {'spacy': True, 'gernermed': True}
2025-10-06 10:35:26,761 - __main__ - INFO - Models loaded: {'spacy': True, 'gernermed': True}
2025-10-06 10:35:26,762 - __main__ - INFO - NER service initialized
2025-10-06 10:35:27,864 - __main__ - INFO - Warming up models...
2025-10-06 10:35:36,236 - model_loader - INFO - Warming up models...
2025-10-06 10:35:36,251 - model_loader - INFO - spacy warmup completed. Processed: Der Patient hat Diabetes und nimmt Metformin.
2025-10-06 10:35:38,090 - model_loader - INFO - gernermed warmup completed. Processed: Der Patient hat Diabetes und nimmt Metformin.
2025-10-06 10:35:38,092 - model_loader - INFO - Model warmup completed
2025-10-06 10:35:38,092 - __main__ - INFO - Models warmed up successfully
2025-10-06 10:35:43,635 - __main__ - INFO - Starting MedNER-DE Service on 0.0.0.0:8000
2025-10-06 10:35:44,004 - __main__ - INFO - Workers: 1
2025-10-06 10:35:44,292 - __main__ - INFO - Log level: INFO
2025-10-06 10:35:50,808 - api.app - INFO - Starting MedNER-DE Service...
2025-10-06 10:35:50,829 - api.app - INFO - Configuration loaded: spacy_model_name='spacy_de_core_news_md' spacy_model_url='https://github.com/explosion/spacy-models/releases/download/de_core_news_md-3.7.0/de_core_news_md-3.7.0-py3-none-any.whl' spacy_enabled=True gernermed_model_name='GERNERMEDpp' gernermed_model_url='https://myweb.rz.uni-augsburg.de/~freijoha/GERNERMEDpp/GERNERMEDpp_GottBERT.zip' gernermed_model_file_name='GERNERMEDpp_GottBERT.zip' gernermed_enabled=True germanbert_model_name='GermanBERT' germanbert_model_url='' germanbert_enabled=False models_dir='S:\\SYNC\\programming\\AI_MVP\\MedAI\\project\\microservices\\MedAINLP\\models' models_file_dir='S:\\SYNC\\programming\\AI_MVP\\MedAI\\project\\microservices\\MedAINLP\\models_archived' cache_dir='S:\\SYNC\\programming\\AI_MVP\\MedAI\\project\\microservices\\MedAINLP\\cache' max_text_length=10000 max_batch_size=100 extraction_timeout=30 host='0.0.0.0' port=8000 workers=1 log_level='INFO' warmup_enabled=True memory_limit_mb=4096 gc_threshold=0.8 batch_processing=True icd_lookup_enabled=True icd_cache_size=1000 icd_timeout=5
2025-10-06 10:35:50,830 - api.app - INFO - Model loader initialized
2025-10-06 10:35:50,830 - model_loader - INFO - Starting model initialization...
2025-10-06 10:35:50,831 - model_loader - INFO - Loading spaCy German model...
2025-10-06 10:35:52,189 - model_loader - INFO - spaCy model loaded successfully
2025-10-06 10:35:52,189 - model_loader - INFO - Loading GERNERMEDpp model...
2025-10-06 10:35:54,310 - model_loader - INFO - GERNERMEDpp model loaded successfully
2025-10-06 10:35:54,310 - model_loader - INFO - Model initialization complete. Status: {'spacy': True, 'gernermed': True}
2025-10-06 10:35:54,310 - api.app - INFO - Models loaded: {'spacy': True, 'gernermed': True}
2025-10-06 10:35:54,311 - api.app - INFO - NER service initialized
2025-10-06 10:35:54,311 - model_loader - INFO - Warming up models...
2025-10-06 10:35:54,318 - model_loader - INFO - spacy warmup completed. Processed: Der Patient hat Diabetes und nimmt Metformin.
2025-10-06 10:35:54,394 - model_loader - INFO - gernermed warmup completed. Processed: Der Patient hat Diabetes und nimmt Metformin.
2025-10-06 10:35:54,394 - model_loader - INFO - Model warmup completed
2025-10-06 10:35:54,394 - api.app - INFO - Models warmed up
2025-10-06 10:35:54,394 - api.app - INFO - MedNER-DE Service started successfully
2025-10-06 10:39:42,956 - ner_service - ERROR - spaCy extraction failed: [E961] Found non-serializable Python object in config. Configs should only include values that can be serialized to JSON. If you need to pass models or other objects to your component, use a reference to a registered function or initialize the object in your component.

{'matcher': <spacy.matcher.matcher.Matcher object at 0x000001FC4696C3A0>}
2025-10-06 10:40:25,594 - ner_service - INFO - GERNERMEDpp extracted 1 entities.
2025-10-06 10:42:27,957 - ner_service - ERROR - spaCy extraction failed: [E961] Found non-serializable Python object in config. Configs should only include values that can be serialized to JSON. If you need to pass models or other objects to your component, use a reference to a registered function or initialize the object in your component.

{'matcher': <spacy.matcher.matcher.Matcher object at 0x000001FC4696C0D0>}
2025-10-06 10:45:36,973 - __main__ - INFO - ==================================================
2025-10-06 10:45:36,991 - __main__ - INFO - Configuration loaded successfully
2025-10-06 10:45:36,992 - __main__ - INFO - Model loader initialized
2025-10-06 10:45:36,992 - __main__ - INFO - Loading models...
2025-10-06 10:45:36,992 - model_loader - INFO - Starting model initialization...
2025-10-06 10:45:36,992 - model_loader - INFO - Loading spaCy German model...
2025-10-06 10:45:38,757 - model_loader - INFO - spaCy model loaded successfully
2025-10-06 10:45:38,757 - model_loader - INFO - Loading GERNERMEDpp model...
2025-10-06 10:45:41,291 - model_loader - INFO - GERNERMEDpp model loaded successfully
2025-10-06 10:45:41,292 - model_loader - INFO - Model initialization complete. Status: {'spacy': True, 'gernermed': True}
2025-10-06 10:45:41,292 - __main__ - INFO - Models loaded: {'spacy': True, 'gernermed': True}
2025-10-06 10:45:41,292 - __main__ - INFO - NER service initialized
2025-10-06 10:45:44,087 - __main__ - INFO - Warming up models...
2025-10-06 10:45:44,088 - model_loader - INFO - Warming up models...
2025-10-06 10:45:44,098 - model_loader - INFO - spacy warmup completed. Processed: Der Patient hat Diabetes und nimmt Metformin.
2025-10-06 10:45:46,088 - model_loader - INFO - gernermed warmup completed. Processed: Der Patient hat Diabetes und nimmt Metformin.
2025-10-06 10:45:46,088 - model_loader - INFO - Model warmup completed
2025-10-06 10:45:46,088 - __main__ - INFO - Models warmed up successfully
2025-10-06 10:45:48,376 - __main__ - INFO - Starting MedNER-DE Service on 0.0.0.0:8000
2025-10-06 10:45:48,377 - __main__ - INFO - Workers: 1
2025-10-06 10:45:48,378 - __main__ - INFO - Log level: INFO
2025-10-06 10:45:49,811 - api.app - INFO - Starting MedNER-DE Service...
2025-10-06 10:45:49,815 - api.app - INFO - Configuration loaded: spacy_model_name='spacy_de_core_news_md' spacy_model_url='https://github.com/explosion/spacy-models/releases/download/de_core_news_md-3.7.0/de_core_news_md-3.7.0-py3-none-any.whl' spacy_enabled=True gernermed_model_name='GERNERMEDpp' gernermed_model_url='https://myweb.rz.uni-augsburg.de/~freijoha/GERNERMEDpp/GERNERMEDpp_GottBERT.zip' gernermed_model_file_name='GERNERMEDpp_GottBERT.zip' gernermed_enabled=True germanbert_model_name='GermanBERT' germanbert_model_url='' germanbert_enabled=False models_dir='S:\\SYNC\\programming\\AI_MVP\\MedAI\\project\\microservices\\MedAINLP\\models' models_file_dir='S:\\SYNC\\programming\\AI_MVP\\MedAI\\project\\microservices\\MedAINLP\\models_archived' cache_dir='S:\\SYNC\\programming\\AI_MVP\\MedAI\\project\\microservices\\MedAINLP\\cache' max_text_length=10000 max_batch_size=100 extraction_timeout=30 host='0.0.0.0' port=8000 workers=1 log_level='INFO' warmup_enabled=True memory_limit_mb=4096 gc_threshold=0.8 batch_processing=True icd_lookup_enabled=True icd_cache_size=1000 icd_timeout=5
2025-10-06 10:45:49,815 - api.app - INFO - Model loader initialized
2025-10-06 10:45:49,816 - model_loader - INFO - Starting model initialization...
2025-10-06 10:45:49,816 - model_loader - INFO - Loading spaCy German model...
2025-10-06 10:45:50,858 - model_loader - INFO - spaCy model loaded successfully
2025-10-06 10:45:50,858 - model_loader - INFO - Loading GERNERMEDpp model...
2025-10-06 10:45:52,886 - model_loader - INFO - GERNERMEDpp model loaded successfully
2025-10-06 10:45:52,886 - model_loader - INFO - Model initialization complete. Status: {'spacy': True, 'gernermed': True}
2025-10-06 10:45:52,887 - api.app - INFO - Models loaded: {'spacy': True, 'gernermed': True}
2025-10-06 10:45:52,887 - api.app - INFO - NER service initialized
2025-10-06 10:45:52,887 - model_loader - INFO - Warming up models...
2025-10-06 10:45:52,893 - model_loader - INFO - spacy warmup completed. Processed: Der Patient hat Diabetes und nimmt Metformin.
2025-10-06 10:45:52,941 - model_loader - INFO - gernermed warmup completed. Processed: Der Patient hat Diabetes und nimmt Metformin.
2025-10-06 10:45:52,941 - model_loader - INFO - Model warmup completed
2025-10-06 10:45:52,942 - api.app - INFO - Models warmed up
2025-10-06 10:45:52,942 - api.app - INFO - MedNER-DE Service started successfully
2025-10-06 10:49:48,045 - ner_service - INFO - GERNERMEDpp extracted 1 entities.
2025-10-06 10:52:28,344 - ner_service - ERROR - spaCy extraction failed: [E007] 'medical_matcher' already exists in pipeline. Existing names: ['tok2vec', 'tagger', 'morphologizer', 'parser', 'lemmatizer', 'senter', 'attribute_ruler', 'ner', 'medical_matcher', 'physio_ruler']
2025-10-06 10:52:28,538 - ner_service - INFO - GERNERMEDpp extracted 1 entities.
2025-10-06 10:52:32,301 - ner_service - ERROR - spaCy extraction failed: [E007] 'medical_matcher' already exists in pipeline. Existing names: ['tok2vec', 'tagger', 'morphologizer', 'parser', 'lemmatizer', 'senter', 'attribute_ruler', 'ner', 'medical_matcher', 'physio_ruler']
2025-10-06 10:52:32,346 - ner_service - INFO - GERNERMEDpp extracted 1 entities.
2025-10-06 11:00:44,868 - __main__ - INFO - ==================================================
2025-10-06 11:00:44,873 - __main__ - INFO - Configuration loaded successfully
2025-10-06 11:00:44,873 - __main__ - INFO - Model loader initialized
2025-10-06 11:00:44,873 - __main__ - INFO - Loading models...
2025-10-06 11:00:44,873 - model_loader - INFO - Starting model initialization...
2025-10-06 11:00:44,874 - model_loader - INFO - Loading spaCy German model...
2025-10-06 11:00:46,350 - model_loader - INFO - spaCy model loaded successfully
2025-10-06 11:00:46,350 - model_loader - INFO - Loading GERNERMEDpp model...
2025-10-06 11:00:48,635 - model_loader - INFO - GERNERMEDpp model loaded successfully
2025-10-06 11:00:48,635 - model_loader - INFO - Model initialization complete. Status: {'spacy': True, 'gernermed': True}
2025-10-06 11:00:48,635 - __main__ - INFO - Models loaded: {'spacy': True, 'gernermed': True}
2025-10-06 11:00:48,635 - __main__ - INFO - NER service initialized
2025-10-06 11:00:48,636 - __main__ - INFO - Warming up models...
2025-10-06 11:00:48,636 - model_loader - INFO - Warming up models...
2025-10-06 11:00:48,653 - model_loader - INFO - spacy warmup completed. Processed: Der Patient hat Diabetes und nimmt Metformin.
2025-10-06 11:00:49,459 - model_loader - INFO - gernermed warmup completed. Processed: Der Patient hat Diabetes und nimmt Metformin.
2025-10-06 11:00:49,459 - model_loader - INFO - Model warmup completed
2025-10-06 11:00:49,460 - __main__ - INFO - Models warmed up successfully
2025-10-06 11:00:49,464 - __main__ - INFO - Starting MedNER-DE Service on 0.0.0.0:8000
2025-10-06 11:00:49,464 - __main__ - INFO - Workers: 1
2025-10-06 11:00:49,464 - __main__ - INFO - Log level: INFO
2025-10-06 11:00:49,578 - api.app - INFO - Starting MedNER-DE Service...
2025-10-06 11:00:49,665 - api.app - INFO - Configuration loaded: spacy_model_name='spacy_de_core_news_md' spacy_model_url='https://github.com/explosion/spacy-models/releases/download/de_core_news_md-3.7.0/de_core_news_md-3.7.0-py3-none-any.whl' spacy_enabled=True gernermed_model_name='GERNERMEDpp' gernermed_model_url='https://myweb.rz.uni-augsburg.de/~freijoha/GERNERMEDpp/GERNERMEDpp_GottBERT.zip' gernermed_model_file_name='GERNERMEDpp_GottBERT.zip' gernermed_enabled=True germanbert_model_name='GermanBERT' germanbert_model_url='' germanbert_enabled=False models_dir='S:\\SYNC\\programming\\AI_MVP\\MedAI\\project\\microservices\\MedAINLP\\models' models_file_dir='S:\\SYNC\\programming\\AI_MVP\\MedAI\\project\\microservices\\MedAINLP\\ner_archived' cache_dir='S:\\SYNC\\programming\\AI_MVP\\MedAI\\project\\microservices\\MedAINLP\\cache' max_text_length=10000 max_batch_size=100 extraction_timeout=30 host='0.0.0.0' port=8000 workers=1 log_level='INFO' warmup_enabled=True memory_limit_mb=4096 gc_threshold=0.8 batch_processing=True icd_lookup_enabled=True icd_cache_size=1000 icd_timeout=5
2025-10-06 11:00:49,666 - api.app - INFO - Model loader initialized
2025-10-06 11:00:49,666 - model_loader - INFO - Starting model initialization...
2025-10-06 11:00:49,666 - model_loader - INFO - Loading spaCy German model...
2025-10-06 11:00:50,781 - model_loader - INFO - spaCy model loaded successfully
2025-10-06 11:00:50,781 - model_loader - INFO - Loading GERNERMEDpp model...
2025-10-06 11:00:53,049 - model_loader - INFO - GERNERMEDpp model loaded successfully
2025-10-06 11:00:53,049 - model_loader - INFO - Model initialization complete. Status: {'spacy': True, 'gernermed': True}
2025-10-06 11:00:53,049 - api.app - INFO - Models loaded: {'spacy': True, 'gernermed': True}
2025-10-06 11:00:53,050 - api.app - INFO - NER service initialized
2025-10-06 11:00:53,050 - model_loader - INFO - Warming up models...
2025-10-06 11:00:53,055 - model_loader - INFO - spacy warmup completed. Processed: Der Patient hat Diabetes und nimmt Metformin.
2025-10-06 11:00:53,093 - model_loader - INFO - gernermed warmup completed. Processed: Der Patient hat Diabetes und nimmt Metformin.
2025-10-06 11:00:53,094 - model_loader - INFO - Model warmup completed
2025-10-06 11:00:53,094 - api.app - INFO - Models warmed up
2025-10-06 11:00:53,094 - api.app - INFO - MedNER-DE Service started successfully
2025-10-06 11:01:03,192 - ner_service - INFO - GERNERMEDpp extracted 1 entities.
2025-10-06 11:01:03,197 - ner_service - ERROR - spaCy extraction failed: [E007] 'medical_matcher' already exists in pipeline. Existing names: ['tok2vec', 'tagger', 'morphologizer', 'parser', 'lemmatizer', 'senter', 'attribute_ruler', 'ner', 'medical_matcher', 'physio_ruler']
2025-10-06 11:01:03,243 - ner_service - INFO - GERNERMEDpp extracted 1 entities.
